<?xml version="1.0" encoding="UTF-8"?>
<!-- Generated by org.testng.reporters.JUnitXMLReporter -->
<testsuite ignored="0" hostname="DESKTOP-9DUMO9I" failures="0" tests="4" name="Default test" time="3.813" errors="0" timestamp="2024-10-29T02:34:35 EET">
  <testcase classname="MyTest" name="checkTheEnglishLangugeDefult" time="0.053"/>
  <testcase classname="MyTest" name="checkTheDefultCurrancySAR" time="0.049"/>
  <testcase classname="MyTest" name="checkContactNumber" time="0.037"/>
  <testcase classname="MyTest" name="checkQtafLogoIsInTheFooter" time="0.041"/>
</testsuite> <!-- Default test -->
