<?xml version="1.0" encoding="UTF-8"?>
<!-- Generated by org.testng.reporters.JUnitXMLReporter -->
<testsuite ignored="0" hostname="DESKTOP-9DUMO9I" failures="0" tests="8" name="Default test" time="3.903" errors="0" timestamp="2024-10-29T17:24:42 EET">
  <testcase classname="MyTest" name="checkTheEnglishLangugeDefult" time="0.045"/>
  <testcase classname="MyTest" name="checkTheDefultCurrancySAR" time="0.034"/>
  <testcase classname="MyTest" name="checkContactNumber" time="0.025"/>
  <testcase classname="MyTest" name="checkQtafLogoIsInTheFooter" time="0.03"/>
  <testcase classname="MyTest" name="checkHoteltabIsNotSelected" time="0.025"/>
  <testcase classname="MyTest" name="checkDepatuerDate" time="0.03"/>
  <testcase classname="MyTest" name="checkReturnDate" time="0.024"/>
  <testcase classname="MyTest" name="randomChangeTheLanguage" time="0.965"/>
</testsuite> <!-- Default test -->
